<?xml version="1.0" encoding="UTF-8"?>
<testsuite name="TestEntity" tests="2" skipped="0" failures="0" errors="0" timestamp="2025-03-17T13:46:13" hostname="PC" time="0.024">
  <properties/>
  <testcase name="Test create Proba" classname="TestEntity" time="0.022"/>
  <testcase name="Test create PersoanaOficiu" classname="TestEntity" time="0.001"/>
  <system-out><![CDATA[]]></system-out>
  <system-err><![CDATA[]]></system-err>
</testsuite>
