<?xml version="1.0" encoding="UTF-8"?>
<testsuite name="TestEntity" tests="2" skipped="0" failures="0" errors="0" timestamp="2025-03-09T18:08:05" hostname="PC" time="0.032">
  <properties/>
  <testcase name="Test create Proba" classname="TestEntity" time="0.027"/>
  <testcase name="Test create PersoanaOficiu" classname="TestEntity" time="0.003"/>
  <system-out><![CDATA[]]></system-out>
  <system-err><![CDATA[]]></system-err>
</testsuite>
